2026-03-04T16:52:21: Connecting to MongoDB at mongodb://127.0.0.1:27017/soccer_store ...
2026-03-04T16:52:21: Connecting to MongoDB at mongodb://127.0.0.1:27017/soccer_store ...
2026-03-04T16:52:21: (node:27828) [DEP0040] DeprecationWarning: The `punycode` module is deprecated. Please use a userland alternative instead.
(Use `node --trace-deprecation ...` to show where the warning was created)
2026-03-04T16:52:21: Connected to MongoDB
2026-03-04T16:52:21: (node:18580) [DEP0040] DeprecationWarning: The `punycode` module is deprecated. Please use a userland alternative instead.
(Use `node --trace-deprecation ...` to show where the warning was created)
2026-03-04T16:52:21: Connected to MongoDB
2026-03-04T16:52:21: 🔒 Server listening on https://localhost:5000
2026-03-04T16:52:21: SSL certificates loaded successfully
2026-03-04T16:52:22: 🔒 Server listening on https://localhost:5000
2026-03-04T16:52:22: SSL certificates loaded successfully
2026-03-04T16:52:22: Connecting to MongoDB at mongodb://127.0.0.1:27017/soccer_store ...
2026-03-04T16:52:22: (node:4744) [DEP0040] DeprecationWarning: The `punycode` module is deprecated. Please use a userland alternative instead.
(Use `node --trace-deprecation ...` to show where the warning was created)
2026-03-04T16:52:22: Connected to MongoDB
2026-03-04T16:52:22: 🔒 Server listening on https://localhost:5000
2026-03-04T16:52:22: Connecting to MongoDB at mongodb://127.0.0.1:27017/soccer_store ...
2026-03-04T16:52:22: SSL certificates loaded successfully
2026-03-04T16:52:22: (node:28044) [DEP0040] DeprecationWarning: The `punycode` module is deprecated. Please use a userland alternative instead.
(Use `node --trace-deprecation ...` to show where the warning was created)
2026-03-04T16:52:22: Connected to MongoDB
2026-03-04T16:52:22: Connecting to MongoDB at mongodb://127.0.0.1:27017/soccer_store ...
2026-03-04T16:52:22: 🔒 Server listening on https://localhost:5000
2026-03-04T16:52:22: SSL certificates loaded successfully
2026-03-04T16:52:22: (node:448) [DEP0040] DeprecationWarning: The `punycode` module is deprecated. Please use a userland alternative instead.
(Use `node --trace-deprecation ...` to show where the warning was created)
2026-03-04T16:52:22: Connected to MongoDB
2026-03-04T16:52:22: 🔒 Server listening on https://localhost:5000
2026-03-04T16:52:22: SSL certificates loaded successfully
2026-03-04T16:52:22: Connecting to MongoDB at mongodb://127.0.0.1:27017/soccer_store ...
2026-03-04T16:52:22: (node:21856) [DEP0040] DeprecationWarning: The `punycode` module is deprecated. Please use a userland alternative instead.
(Use `node --trace-deprecation ...` to show where the warning was created)
2026-03-04T16:52:22: Connected to MongoDB
2026-03-04T16:52:22: Connecting to MongoDB at mongodb://127.0.0.1:27017/soccer_store ...
2026-03-04T16:52:22: 🔒 Server listening on https://localhost:5000
2026-03-04T16:52:22: SSL certificates loaded successfully
2026-03-04T16:52:22: (node:19048) [DEP0040] DeprecationWarning: The `punycode` module is deprecated. Please use a userland alternative instead.
(Use `node --trace-deprecation ...` to show where the warning was created)
2026-03-04T16:52:22: Connected to MongoDB
2026-03-04T16:52:22: 🔒 Server listening on https://localhost:5000
2026-03-04T16:52:22: SSL certificates loaded successfully
2026-03-04T16:52:22: Connecting to MongoDB at mongodb://127.0.0.1:27017/soccer_store ...
2026-03-04T16:52:22: (node:26244) [DEP0040] DeprecationWarning: The `punycode` module is deprecated. Please use a userland alternative instead.
(Use `node --trace-deprecation ...` to show where the warning was created)
2026-03-04T16:52:22: Connected to MongoDB
2026-03-04T16:52:22: 🔒 Server listening on https://localhost:5000
2026-03-04T16:52:23: SSL certificates loaded successfully
2026-03-04T16:52:23: Connecting to MongoDB at mongodb://127.0.0.1:27017/soccer_store ...
2026-03-04T16:52:23: (node:27772) [DEP0040] DeprecationWarning: The `punycode` module is deprecated. Please use a userland alternative instead.
(Use `node --trace-deprecation ...` to show where the warning was created)
2026-03-04T16:52:23: Connecting to MongoDB at mongodb://127.0.0.1:27017/soccer_store ...
2026-03-04T16:52:23: Connected to MongoDB
2026-03-04T16:52:23: (node:15704) [DEP0040] DeprecationWarning: The `punycode` module is deprecated. Please use a userland alternative instead.
(Use `node --trace-deprecation ...` to show where the warning was created)
2026-03-04T16:52:23: Connected to MongoDB
2026-03-04T16:52:23: 🔒 Server listening on https://localhost:5000
2026-03-04T16:52:23: SSL certificates loaded successfully
2026-03-04T16:52:23: 🔒 Server listening on https://localhost:5000
2026-03-04T16:52:23: SSL certificates loaded successfully
2026-03-04T16:52:23: Connecting to MongoDB at mongodb://127.0.0.1:27017/soccer_store ...
2026-03-04T16:52:23: (node:9380) [DEP0040] DeprecationWarning: The `punycode` module is deprecated. Please use a userland alternative instead.
(Use `node --trace-deprecation ...` to show where the warning was created)
2026-03-04T16:52:23: Connected to MongoDB
2026-03-04T16:52:23: 🔒 Server listening on https://localhost:5000
2026-03-04T16:52:23: SSL certificates loaded successfully
2026-03-04T16:52:23: Connecting to MongoDB at mongodb://127.0.0.1:27017/soccer_store ...
2026-03-04T16:52:23: (node:26392) [DEP0040] DeprecationWarning: The `punycode` module is deprecated. Please use a userland alternative instead.
(Use `node --trace-deprecation ...` to show where the warning was created)
2026-03-04T16:52:23: Connected to MongoDB
2026-03-04T16:52:23: 🔒 Server listening on https://localhost:5000
2026-03-04T16:52:23: SSL certificates loaded successfully
